Model: "sequential_1"
_________________________________________________________________
Layer (type)                 Output Shape              Param #   
=================================================================
dense_4 (Dense)              (None, 64)                50240     
_________________________________________________________________
dense_5 (Dense)              (None, 10)                650       
_________________________________________________________________
dense_6 (Dense)              (None, 64)                704       
_________________________________________________________________
dense_7 (Dense)              (None, 784)               50960     
=================================================================
Total params: 102,554
Trainable params: 102,554
Non-trainable params: 0
_________________________________________________________________

Epoch 1/10
48/48 [==============================] - 1s 21ms/step - loss: 0.0445 - val_loss: 0.0389
Epoch 2/10
48/48 [==============================] - 1s 19ms/step - loss: 0.0369 - val_loss: 0.0357
Epoch 3/10
48/48 [==============================] - 1s 15ms/step - loss: 0.0350 - val_loss: 0.0342
Epoch 4/10
48/48 [==============================] - 1s 11ms/step - loss: 0.0339 - val_loss: 0.0335
Epoch 5/10
48/48 [==============================] - 0s 10ms/step - loss: 0.0331 - val_loss: 0.0329
Epoch 6/10
48/48 [==============================] - 0s 10ms/step - loss: 0.0326 - val_loss: 0.0325
Epoch 7/10
48/48 [==============================] - 0s 10ms/step - loss: 0.0322 - val_loss: 0.0323
Epoch 8/10
48/48 [==============================] - 1s 11ms/step - loss: 0.0317 - val_loss: 0.0315
Epoch 9/10
48/48 [==============================] - 1s 10ms/step - loss: 0.0314 - val_loss: 0.0314
Epoch 10/10
48/48 [==============================] - 0s 10ms/step - loss: 0.0311 - val_loss: 0.0309

anomaly ratio:  0.9421833333333334