Model: "model_1"
_________________________________________________________________
Layer (type)                 Output Shape              Param #   
=================================================================
input_4 (InputLayer)         [(None, 28, 28, 1)]       0         
_________________________________________________________________
conv2d_6 (Conv2D)            (None, 28, 28, 12)        120       
_________________________________________________________________
max_pooling2d_2 (MaxPooling2 (None, 14, 14, 12)        0         
_________________________________________________________________
conv2d_7 (Conv2D)            (None, 14, 14, 8)         1544      
_________________________________________________________________
max_pooling2d_3 (MaxPooling2 (None, 4, 4, 8)           0         
_________________________________________________________________
conv2d_8 (Conv2D)            (None, 4, 4, 8)           1032      
_________________________________________________________________
up_sampling2d_2 (UpSampling2 (None, 16, 16, 8)         0         
_________________________________________________________________
conv2d_9 (Conv2D)            (None, 14, 14, 12)        876       
_________________________________________________________________
up_sampling2d_3 (UpSampling2 (None, 28, 28, 12)        0         
_________________________________________________________________
conv2d_10 (Conv2D)           (None, 28, 28, 1)         109       
=================================================================
Total params: 3,681
Trainable params: 3,681
Non-trainable params: 0
_________________________________________________________________

Epoch 1/10
48/48 [==============================] - 20s 368ms/step - loss: 0.0938 - acc: 0.8078 - val_loss: 0.0663 - val_acc: 0.8088
Epoch 2/10
48/48 [==============================] - 14s 291ms/step - loss: 0.0628 - acc: 0.8058 - val_loss: 0.0593 - val_acc: 0.7986
Epoch 3/10
48/48 [==============================] - 15s 315ms/step - loss: 0.0565 - acc: 0.7962 - val_loss: 0.0542 - val_acc: 0.7843
Epoch 4/10
48/48 [==============================] - 14s 302ms/step - loss: 0.0517 - acc: 0.7916 - val_loss: 0.0498 - val_acc: 0.7849
Epoch 5/10
48/48 [==============================] - 15s 305ms/step - loss: 0.0481 - acc: 0.7925 - val_loss: 0.0469 - val_acc: 0.7862
Epoch 6/10
48/48 [==============================] - 15s 310ms/step - loss: 0.0457 - acc: 0.7934 - val_loss: 0.0452 - val_acc: 0.7865
Epoch 7/10
48/48 [==============================] - 14s 297ms/step - loss: 0.0438 - acc: 0.7942 - val_loss: 0.0434 - val_acc: 0.7879
Epoch 8/10
48/48 [==============================] - 14s 301ms/step - loss: 0.0424 - acc: 0.7950 - val_loss: 0.0422 - val_acc: 0.7887
Epoch 9/10
48/48 [==============================] - 15s 306ms/step - loss: 0.0412 - acc: 0.7956 - val_loss: 0.0416 - val_acc: 0.7881
Epoch 10/10
48/48 [==============================] - 15s 312ms/step - loss: 0.0401 - acc: 0.7962 - val_loss: 0.0406 - val_acc: 0.7887

anomaly ratio:  0.7013333333333334