Model: "sequential_2"
_________________________________________________________________
Layer (type)                 Output Shape              Param #   
=================================================================
conv2d_16 (Conv2D)           (None, 32, 32, 32)        896       
_________________________________________________________________
batch_normalization (BatchNo (None, 32, 32, 32)        128       
_________________________________________________________________
conv2d_17 (Conv2D)           (None, 16, 16, 32)        9248      
_________________________________________________________________
conv2d_18 (Conv2D)           (None, 16, 16, 32)        9248      
_________________________________________________________________
batch_normalization_1 (Batch (None, 16, 16, 32)        128       
_________________________________________________________________
up_sampling2d_6 (UpSampling2 (None, 32, 32, 32)        0         
_________________________________________________________________
conv2d_19 (Conv2D)           (None, 32, 32, 32)        9248      
_________________________________________________________________
batch_normalization_2 (Batch (None, 32, 32, 32)        128       
_________________________________________________________________
conv2d_20 (Conv2D)           (None, 32, 32, 3)         99        
=================================================================
Total params: 29,123
Trainable params: 28,931
Non-trainable params: 192
_________________________________________________________________

Epoch 1/10
36/36 [==============================] - 60s 2s/step - loss: 0.0140 - acc: 0.5669 - val_loss: 0.0471 - val_acc: 0.4976
Epoch 2/10
36/36 [==============================] - 59s 2s/step - loss: 0.0041 - acc: 0.6951 - val_loss: 0.0454 - val_acc: 0.5098
Epoch 3/10
36/36 [==============================] - 58s 2s/step - loss: 0.0028 - acc: 0.7358 - val_loss: 0.0336 - val_acc: 0.6210
Epoch 4/10
36/36 [==============================] - 60s 2s/step - loss: 0.0022 - acc: 0.7610 - val_loss: 0.0334 - val_acc: 0.6014
Epoch 5/10
36/36 [==============================] - 58s 2s/step - loss: 0.0018 - acc: 0.7735 - val_loss: 0.0259 - val_acc: 0.6386
Epoch 6/10
36/36 [==============================] - 59s 2s/step - loss: 0.0016 - acc: 0.7889 - val_loss: 0.0212 - val_acc: 0.6711
Epoch 7/10
36/36 [==============================] - 59s 2s/step - loss: 0.0015 - acc: 0.7958 - val_loss: 0.0173 - val_acc: 0.6497
Epoch 8/10
36/36 [==============================] - 57s 2s/step - loss: 0.0013 - acc: 0.7993 - val_loss: 0.0133 - val_acc: 0.6542
Epoch 9/10
36/36 [==============================] - 57s 2s/step - loss: 0.0012 - acc: 0.8089 - val_loss: 0.0101 - val_acc: 0.7153
Epoch 10/10
36/36 [==============================] - 58s 2s/step - loss: 0.0011 - acc: 0.8145 - val_loss: 0.0080 - val_acc: 0.6904

anomaly ratio:  0.5619555555555555